<?xml version="1.0" encoding="UTF-8"?>
<testsuite xmlns:xsi="http://www.w3.org/2001/XMLSchema-instance" xsi:noNamespaceSchemaLocation="https://maven.apache.org/surefire/maven-surefire-plugin/xsd/surefire-test-report-3.0.xsd" version="3.0" name="com.MBE.MonitorandoBackendApplicationTests" time="10.815" tests="1" errors="0" skipped="0" failures="0">
  <properties>
    <property name="java.specification.version" value="17"/>
    <property name="sun.cpu.isalist" value="amd64"/>
    <property name="sun.jnu.encoding" value="Cp1252"/>
    <property name="java.class.path" value="C:\Users\kauaa\OneDrive\Área de Trabalho\GitHub-Squad\monitorando-backend\target\test-classes;C:\Users\kauaa\OneDrive\Área de Trabalho\GitHub-Squad\monitorando-backend\target\classes;C:\Users\kauaa\.m2\repository\org\springdoc\springdoc-openapi-starter-webmvc-ui\2.0.4\springdoc-openapi-starter-webmvc-ui-2.0.4.jar;C:\Users\kauaa\.m2\repository\org\springdoc\springdoc-openapi-starter-webmvc-api\2.0.4\springdoc-openapi-starter-webmvc-api-2.0.4.jar;C:\Users\kauaa\.m2\repository\org\springdoc\springdoc-openapi-starter-common\2.0.4\springdoc-openapi-starter-common-2.0.4.jar;C:\Users\kauaa\.m2\repository\io\swagger\core\v3\swagger-core-jakarta\2.2.8\swagger-core-jakarta-2.2.8.jar;C:\Users\kauaa\.m2\repository\org\apache\commons\commons-lang3\3.13.0\commons-lang3-3.13.0.jar;C:\Users\kauaa\.m2\repository\io\swagger\core\v3\swagger-annotations-jakarta\2.2.8\swagger-annotations-jakarta-2.2.8.jar;C:\Users\kauaa\.m2\repository\io\swagger\core\v3\swagger-models-jakarta\2.2.8\swagger-models-jakarta-2.2.8.jar;C:\Users\kauaa\.m2\repository\jakarta\validation\jakarta.validation-api\3.0.2\jakarta.validation-api-3.0.2.jar;C:\Users\kauaa\.m2\repository\com\fasterxml\jackson\dataformat\jackson-dataformat-yaml\2.15.3\jackson-dataformat-yaml-2.15.3.jar;C:\Users\kauaa\.m2\repository\org\webjars\swagger-ui\4.18.1\swagger-ui-4.18.1.jar;C:\Users\kauaa\.m2\repository\org\webjars\webjars-locator-core\0.55\webjars-locator-core-0.55.jar;C:\Users\kauaa\.m2\repository\org\slf4j\slf4j-api\2.0.9\slf4j-api-2.0.9.jar;C:\Users\kauaa\.m2\repository\io\github\classgraph\classgraph\4.8.149\classgraph-4.8.149.jar;C:\Users\kauaa\.m2\repository\org\springframework\boot\spring-boot-starter-data-jpa\3.2.1\spring-boot-starter-data-jpa-3.2.1.jar;C:\Users\kauaa\.m2\repository\org\springframework\boot\spring-boot-starter-aop\3.2.1\spring-boot-starter-aop-3.2.1.jar;C:\Users\kauaa\.m2\repository\org\aspectj\aspectjweaver\1.9.21\aspectjweaver-1.9.21.jar;C:\Users\kauaa\.m2\repository\org\springframework\boot\spring-boot-starter-jdbc\3.2.1\spring-boot-starter-jdbc-3.2.1.jar;C:\Users\kauaa\.m2\repository\com\zaxxer\HikariCP\5.0.1\HikariCP-5.0.1.jar;C:\Users\kauaa\.m2\repository\org\springframework\spring-jdbc\6.1.2\spring-jdbc-6.1.2.jar;C:\Users\kauaa\.m2\repository\org\hibernate\orm\hibernate-core\6.4.1.Final\hibernate-core-6.4.1.Final.jar;C:\Users\kauaa\.m2\repository\jakarta\persistence\jakarta.persistence-api\3.1.0\jakarta.persistence-api-3.1.0.jar;C:\Users\kauaa\.m2\repository\jakarta\transaction\jakarta.transaction-api\2.0.1\jakarta.transaction-api-2.0.1.jar;C:\Users\kauaa\.m2\repository\org\jboss\logging\jboss-logging\3.5.3.Final\jboss-logging-3.5.3.Final.jar;C:\Users\kauaa\.m2\repository\org\hibernate\common\hibernate-commons-annotations\6.0.6.Final\hibernate-commons-annotations-6.0.6.Final.jar;C:\Users\kauaa\.m2\repository\io\smallrye\jandex\3.1.2\jandex-3.1.2.jar;C:\Users\kauaa\.m2\repository\com\fasterxml\classmate\1.6.0\classmate-1.6.0.jar;C:\Users\kauaa\.m2\repository\net\bytebuddy\byte-buddy\1.14.10\byte-buddy-1.14.10.jar;C:\Users\kauaa\.m2\repository\org\glassfish\jaxb\jaxb-runtime\4.0.4\jaxb-runtime-4.0.4.jar;C:\Users\kauaa\.m2\repository\org\glassfish\jaxb\jaxb-core\4.0.4\jaxb-core-4.0.4.jar;C:\Users\kauaa\.m2\repository\org\eclipse\angus\angus-activation\2.0.1\angus-activation-2.0.1.jar;C:\Users\kauaa\.m2\repository\org\glassfish\jaxb\txw2\4.0.4\txw2-4.0.4.jar;C:\Users\kauaa\.m2\repository\com\sun\istack\istack-commons-runtime\4.1.2\istack-commons-runtime-4.1.2.jar;C:\Users\kauaa\.m2\repository\jakarta\inject\jakarta.inject-api\2.0.1\jakarta.inject-api-2.0.1.jar;C:\Users\kauaa\.m2\repository\org\antlr\antlr4-runtime\4.13.0\antlr4-runtime-4.13.0.jar;C:\Users\kauaa\.m2\repository\org\springframework\data\spring-data-jpa\3.2.1\spring-data-jpa-3.2.1.jar;C:\Users\kauaa\.m2\repository\org\springframework\data\spring-data-commons\3.2.1\spring-data-commons-3.2.1.jar;C:\Users\kauaa\.m2\repository\org\springframework\spring-orm\6.1.2\spring-orm-6.1.2.jar;C:\Users\kauaa\.m2\repository\org\springframework\spring-context\6.1.2\spring-context-6.1.2.jar;C:\Users\kauaa\.m2\repository\org\springframework\spring-tx\6.1.2\spring-tx-6.1.2.jar;C:\Users\kauaa\.m2\repository\org\springframework\spring-beans\6.1.2\spring-beans-6.1.2.jar;C:\Users\kauaa\.m2\repository\jakarta\annotation\jakarta.annotation-api\2.1.1\jakarta.annotation-api-2.1.1.jar;C:\Users\kauaa\.m2\repository\org\springframework\spring-aspects\6.1.2\spring-aspects-6.1.2.jar;C:\Users\kauaa\.m2\repository\org\springframework\boot\spring-boot-starter-security\3.2.1\spring-boot-starter-security-3.2.1.jar;C:\Users\kauaa\.m2\repository\org\springframework\boot\spring-boot-starter\3.2.1\spring-boot-starter-3.2.1.jar;C:\Users\kauaa\.m2\repository\org\springframework\boot\spring-boot-starter-logging\3.2.1\spring-boot-starter-logging-3.2.1.jar;C:\Users\kauaa\.m2\repository\ch\qos\logback\logback-classic\1.4.14\logback-classic-1.4.14.jar;C:\Users\kauaa\.m2\repository\ch\qos\logback\logback-core\1.4.14\logback-core-1.4.14.jar;C:\Users\kauaa\.m2\repository\org\apache\logging\log4j\log4j-to-slf4j\2.21.1\log4j-to-slf4j-2.21.1.jar;C:\Users\kauaa\.m2\repository\org\apache\logging\log4j\log4j-api\2.21.1\log4j-api-2.21.1.jar;C:\Users\kauaa\.m2\repository\org\slf4j\jul-to-slf4j\2.0.9\jul-to-slf4j-2.0.9.jar;C:\Users\kauaa\.m2\repository\org\yaml\snakeyaml\2.2\snakeyaml-2.2.jar;C:\Users\kauaa\.m2\repository\org\springframework\spring-aop\6.1.2\spring-aop-6.1.2.jar;C:\Users\kauaa\.m2\repository\org\springframework\security\spring-security-config\6.2.1\spring-security-config-6.2.1.jar;C:\Users\kauaa\.m2\repository\org\springframework\security\spring-security-web\6.2.1\spring-security-web-6.2.1.jar;C:\Users\kauaa\.m2\repository\org\springframework\spring-expression\6.1.2\spring-expression-6.1.2.jar;C:\Users\kauaa\.m2\repository\org\springframework\boot\spring-boot-starter-web\3.2.1\spring-boot-starter-web-3.2.1.jar;C:\Users\kauaa\.m2\repository\org\springframework\boot\spring-boot-starter-json\3.2.1\spring-boot-starter-json-3.2.1.jar;C:\Users\kauaa\.m2\repository\com\fasterxml\jackson\core\jackson-databind\2.15.3\jackson-databind-2.15.3.jar;C:\Users\kauaa\.m2\repository\com\fasterxml\jackson\core\jackson-annotations\2.15.3\jackson-annotations-2.15.3.jar;C:\Users\kauaa\.m2\repository\com\fasterxml\jackson\core\jackson-core\2.15.3\jackson-core-2.15.3.jar;C:\Users\kauaa\.m2\repository\com\fasterxml\jackson\datatype\jackson-datatype-jdk8\2.15.3\jackson-datatype-jdk8-2.15.3.jar;C:\Users\kauaa\.m2\repository\com\fasterxml\jackson\datatype\jackson-datatype-jsr310\2.15.3\jackson-datatype-jsr310-2.15.3.jar;C:\Users\kauaa\.m2\repository\com\fasterxml\jackson\module\jackson-module-parameter-names\2.15.3\jackson-module-parameter-names-2.15.3.jar;C:\Users\kauaa\.m2\repository\org\springframework\boot\spring-boot-starter-tomcat\3.2.1\spring-boot-starter-tomcat-3.2.1.jar;C:\Users\kauaa\.m2\repository\org\apache\tomcat\embed\tomcat-embed-core\10.1.17\tomcat-embed-core-10.1.17.jar;C:\Users\kauaa\.m2\repository\org\apache\tomcat\embed\tomcat-embed-el\10.1.17\tomcat-embed-el-10.1.17.jar;C:\Users\kauaa\.m2\repository\org\apache\tomcat\embed\tomcat-embed-websocket\10.1.17\tomcat-embed-websocket-10.1.17.jar;C:\Users\kauaa\.m2\repository\org\springframework\spring-web\6.1.2\spring-web-6.1.2.jar;C:\Users\kauaa\.m2\repository\io\micrometer\micrometer-observation\1.12.1\micrometer-observation-1.12.1.jar;C:\Users\kauaa\.m2\repository\io\micrometer\micrometer-commons\1.12.1\micrometer-commons-1.12.1.jar;C:\Users\kauaa\.m2\repository\org\springframework\spring-webmvc\6.1.2\spring-webmvc-6.1.2.jar;C:\Users\kauaa\.m2\repository\org\springframework\boot\spring-boot-devtools\3.2.1\spring-boot-devtools-3.2.1.jar;C:\Users\kauaa\.m2\repository\org\springframework\boot\spring-boot\3.2.1\spring-boot-3.2.1.jar;C:\Users\kauaa\.m2\repository\org\springframework\boot\spring-boot-autoconfigure\3.2.1\spring-boot-autoconfigure-3.2.1.jar;C:\Users\kauaa\.m2\repository\com\mysql\mysql-connector-j\8.1.0\mysql-connector-j-8.1.0.jar;C:\Users\kauaa\.m2\repository\org\springframework\boot\spring-boot-starter-test\3.2.1\spring-boot-starter-test-3.2.1.jar;C:\Users\kauaa\.m2\repository\org\springframework\boot\spring-boot-test\3.2.1\spring-boot-test-3.2.1.jar;C:\Users\kauaa\.m2\repository\org\springframework\boot\spring-boot-test-autoconfigure\3.2.1\spring-boot-test-autoconfigure-3.2.1.jar;C:\Users\kauaa\.m2\repository\com\jayway\jsonpath\json-path\2.8.0\json-path-2.8.0.jar;C:\Users\kauaa\.m2\repository\jakarta\xml\bind\jakarta.xml.bind-api\4.0.1\jakarta.xml.bind-api-4.0.1.jar;C:\Users\kauaa\.m2\repository\jakarta\activation\jakarta.activation-api\2.1.2\jakarta.activation-api-2.1.2.jar;C:\Users\kauaa\.m2\repository\net\minidev\json-smart\2.5.0\json-smart-2.5.0.jar;C:\Users\kauaa\.m2\repository\net\minidev\accessors-smart\2.5.0\accessors-smart-2.5.0.jar;C:\Users\kauaa\.m2\repository\org\ow2\asm\asm\9.3\asm-9.3.jar;C:\Users\kauaa\.m2\repository\org\assertj\assertj-core\3.24.2\assertj-core-3.24.2.jar;C:\Users\kauaa\.m2\repository\org\awaitility\awaitility\4.2.0\awaitility-4.2.0.jar;C:\Users\kauaa\.m2\repository\org\hamcrest\hamcrest\2.2\hamcrest-2.2.jar;C:\Users\kauaa\.m2\repository\org\junit\jupiter\junit-jupiter\5.10.1\junit-jupiter-5.10.1.jar;C:\Users\kauaa\.m2\repository\org\junit\jupiter\junit-jupiter-api\5.10.1\junit-jupiter-api-5.10.1.jar;C:\Users\kauaa\.m2\repository\org\opentest4j\opentest4j\1.3.0\opentest4j-1.3.0.jar;C:\Users\kauaa\.m2\repository\org\junit\platform\junit-platform-commons\1.10.1\junit-platform-commons-1.10.1.jar;C:\Users\kauaa\.m2\repository\org\apiguardian\apiguardian-api\1.1.2\apiguardian-api-1.1.2.jar;C:\Users\kauaa\.m2\repository\org\junit\jupiter\junit-jupiter-params\5.10.1\junit-jupiter-params-5.10.1.jar;C:\Users\kauaa\.m2\repository\org\junit\jupiter\junit-jupiter-engine\5.10.1\junit-jupiter-engine-5.10.1.jar;C:\Users\kauaa\.m2\repository\org\junit\platform\junit-platform-engine\1.10.1\junit-platform-engine-1.10.1.jar;C:\Users\kauaa\.m2\repository\org\mockito\mockito-core\5.7.0\mockito-core-5.7.0.jar;C:\Users\kauaa\.m2\repository\net\bytebuddy\byte-buddy-agent\1.14.10\byte-buddy-agent-1.14.10.jar;C:\Users\kauaa\.m2\repository\org\objenesis\objenesis\3.3\objenesis-3.3.jar;C:\Users\kauaa\.m2\repository\org\mockito\mockito-junit-jupiter\5.7.0\mockito-junit-jupiter-5.7.0.jar;C:\Users\kauaa\.m2\repository\org\skyscreamer\jsonassert\1.5.1\jsonassert-1.5.1.jar;C:\Users\kauaa\.m2\repository\com\vaadin\external\google\android-json\0.0.20131108.vaadin1\android-json-0.0.20131108.vaadin1.jar;C:\Users\kauaa\.m2\repository\org\springframework\spring-core\6.1.2\spring-core-6.1.2.jar;C:\Users\kauaa\.m2\repository\org\springframework\spring-jcl\6.1.2\spring-jcl-6.1.2.jar;C:\Users\kauaa\.m2\repository\org\springframework\spring-test\6.1.2\spring-test-6.1.2.jar;C:\Users\kauaa\.m2\repository\org\xmlunit\xmlunit-core\2.9.1\xmlunit-core-2.9.1.jar;C:\Users\kauaa\.m2\repository\org\springframework\security\spring-security-test\6.2.1\spring-security-test-6.2.1.jar;C:\Users\kauaa\.m2\repository\org\springframework\security\spring-security-core\6.2.1\spring-security-core-6.2.1.jar;C:\Users\kauaa\.m2\repository\org\springframework\security\spring-security-crypto\6.2.1\spring-security-crypto-6.2.1.jar;"/>
    <property name="java.vm.vendor" value="Eclipse Adoptium"/>
    <property name="sun.arch.data.model" value="64"/>
    <property name="user.variant" value=""/>
    <property name="java.vendor.url" value="https://adoptium.net/"/>
    <property name="user.timezone" value="America/Sao_Paulo"/>
    <property name="org.jboss.logging.provider" value="slf4j"/>
    <property name="os.name" value="Windows 11"/>
    <property name="java.vm.specification.version" value="17"/>
    <property name="sun.java.launcher" value="SUN_STANDARD"/>
    <property name="user.country" value="BR"/>
    <property name="sun.boot.library.path" value="C:\Windows\Temp\SpringTool\ConfigSpringTools\sts-4.21.0.RELEASE\plugins\org.eclipse.justj.openjdk.hotspot.jre.full.win32.x86_64_17.0.9.v20231028-0858\jre\bin"/>
    <property name="sun.java.command" value="C:\Users\kauaa\AppData\Local\Temp\surefire10525878907650726623\surefirebooter-20240126185031968_3.jar C:\Users\kauaa\AppData\Local\Temp\surefire10525878907650726623 2024-01-26T18-50-31_657-jvmRun1 surefire-20240126185031968_1tmp surefire_0-20240126185031968_2tmp"/>
    <property name="jdk.debug" value="release"/>
    <property name="surefire.test.class.path" value="C:\Users\kauaa\OneDrive\Área de Trabalho\GitHub-Squad\monitorando-backend\target\test-classes;C:\Users\kauaa\OneDrive\Área de Trabalho\GitHub-Squad\monitorando-backend\target\classes;C:\Users\kauaa\.m2\repository\org\springdoc\springdoc-openapi-starter-webmvc-ui\2.0.4\springdoc-openapi-starter-webmvc-ui-2.0.4.jar;C:\Users\kauaa\.m2\repository\org\springdoc\springdoc-openapi-starter-webmvc-api\2.0.4\springdoc-openapi-starter-webmvc-api-2.0.4.jar;C:\Users\kauaa\.m2\repository\org\springdoc\springdoc-openapi-starter-common\2.0.4\springdoc-openapi-starter-common-2.0.4.jar;C:\Users\kauaa\.m2\repository\io\swagger\core\v3\swagger-core-jakarta\2.2.8\swagger-core-jakarta-2.2.8.jar;C:\Users\kauaa\.m2\repository\org\apache\commons\commons-lang3\3.13.0\commons-lang3-3.13.0.jar;C:\Users\kauaa\.m2\repository\io\swagger\core\v3\swagger-annotations-jakarta\2.2.8\swagger-annotations-jakarta-2.2.8.jar;C:\Users\kauaa\.m2\repository\io\swagger\core\v3\swagger-models-jakarta\2.2.8\swagger-models-jakarta-2.2.8.jar;C:\Users\kauaa\.m2\repository\jakarta\validation\jakarta.validation-api\3.0.2\jakarta.validation-api-3.0.2.jar;C:\Users\kauaa\.m2\repository\com\fasterxml\jackson\dataformat\jackson-dataformat-yaml\2.15.3\jackson-dataformat-yaml-2.15.3.jar;C:\Users\kauaa\.m2\repository\org\webjars\swagger-ui\4.18.1\swagger-ui-4.18.1.jar;C:\Users\kauaa\.m2\repository\org\webjars\webjars-locator-core\0.55\webjars-locator-core-0.55.jar;C:\Users\kauaa\.m2\repository\org\slf4j\slf4j-api\2.0.9\slf4j-api-2.0.9.jar;C:\Users\kauaa\.m2\repository\io\github\classgraph\classgraph\4.8.149\classgraph-4.8.149.jar;C:\Users\kauaa\.m2\repository\org\springframework\boot\spring-boot-starter-data-jpa\3.2.1\spring-boot-starter-data-jpa-3.2.1.jar;C:\Users\kauaa\.m2\repository\org\springframework\boot\spring-boot-starter-aop\3.2.1\spring-boot-starter-aop-3.2.1.jar;C:\Users\kauaa\.m2\repository\org\aspectj\aspectjweaver\1.9.21\aspectjweaver-1.9.21.jar;C:\Users\kauaa\.m2\repository\org\springframework\boot\spring-boot-starter-jdbc\3.2.1\spring-boot-starter-jdbc-3.2.1.jar;C:\Users\kauaa\.m2\repository\com\zaxxer\HikariCP\5.0.1\HikariCP-5.0.1.jar;C:\Users\kauaa\.m2\repository\org\springframework\spring-jdbc\6.1.2\spring-jdbc-6.1.2.jar;C:\Users\kauaa\.m2\repository\org\hibernate\orm\hibernate-core\6.4.1.Final\hibernate-core-6.4.1.Final.jar;C:\Users\kauaa\.m2\repository\jakarta\persistence\jakarta.persistence-api\3.1.0\jakarta.persistence-api-3.1.0.jar;C:\Users\kauaa\.m2\repository\jakarta\transaction\jakarta.transaction-api\2.0.1\jakarta.transaction-api-2.0.1.jar;C:\Users\kauaa\.m2\repository\org\jboss\logging\jboss-logging\3.5.3.Final\jboss-logging-3.5.3.Final.jar;C:\Users\kauaa\.m2\repository\org\hibernate\common\hibernate-commons-annotations\6.0.6.Final\hibernate-commons-annotations-6.0.6.Final.jar;C:\Users\kauaa\.m2\repository\io\smallrye\jandex\3.1.2\jandex-3.1.2.jar;C:\Users\kauaa\.m2\repository\com\fasterxml\classmate\1.6.0\classmate-1.6.0.jar;C:\Users\kauaa\.m2\repository\net\bytebuddy\byte-buddy\1.14.10\byte-buddy-1.14.10.jar;C:\Users\kauaa\.m2\repository\org\glassfish\jaxb\jaxb-runtime\4.0.4\jaxb-runtime-4.0.4.jar;C:\Users\kauaa\.m2\repository\org\glassfish\jaxb\jaxb-core\4.0.4\jaxb-core-4.0.4.jar;C:\Users\kauaa\.m2\repository\org\eclipse\angus\angus-activation\2.0.1\angus-activation-2.0.1.jar;C:\Users\kauaa\.m2\repository\org\glassfish\jaxb\txw2\4.0.4\txw2-4.0.4.jar;C:\Users\kauaa\.m2\repository\com\sun\istack\istack-commons-runtime\4.1.2\istack-commons-runtime-4.1.2.jar;C:\Users\kauaa\.m2\repository\jakarta\inject\jakarta.inject-api\2.0.1\jakarta.inject-api-2.0.1.jar;C:\Users\kauaa\.m2\repository\org\antlr\antlr4-runtime\4.13.0\antlr4-runtime-4.13.0.jar;C:\Users\kauaa\.m2\repository\org\springframework\data\spring-data-jpa\3.2.1\spring-data-jpa-3.2.1.jar;C:\Users\kauaa\.m2\repository\org\springframework\data\spring-data-commons\3.2.1\spring-data-commons-3.2.1.jar;C:\Users\kauaa\.m2\repository\org\springframework\spring-orm\6.1.2\spring-orm-6.1.2.jar;C:\Users\kauaa\.m2\repository\org\springframework\spring-context\6.1.2\spring-context-6.1.2.jar;C:\Users\kauaa\.m2\repository\org\springframework\spring-tx\6.1.2\spring-tx-6.1.2.jar;C:\Users\kauaa\.m2\repository\org\springframework\spring-beans\6.1.2\spring-beans-6.1.2.jar;C:\Users\kauaa\.m2\repository\jakarta\annotation\jakarta.annotation-api\2.1.1\jakarta.annotation-api-2.1.1.jar;C:\Users\kauaa\.m2\repository\org\springframework\spring-aspects\6.1.2\spring-aspects-6.1.2.jar;C:\Users\kauaa\.m2\repository\org\springframework\boot\spring-boot-starter-security\3.2.1\spring-boot-starter-security-3.2.1.jar;C:\Users\kauaa\.m2\repository\org\springframework\boot\spring-boot-starter\3.2.1\spring-boot-starter-3.2.1.jar;C:\Users\kauaa\.m2\repository\org\springframework\boot\spring-boot-starter-logging\3.2.1\spring-boot-starter-logging-3.2.1.jar;C:\Users\kauaa\.m2\repository\ch\qos\logback\logback-classic\1.4.14\logback-classic-1.4.14.jar;C:\Users\kauaa\.m2\repository\ch\qos\logback\logback-core\1.4.14\logback-core-1.4.14.jar;C:\Users\kauaa\.m2\repository\org\apache\logging\log4j\log4j-to-slf4j\2.21.1\log4j-to-slf4j-2.21.1.jar;C:\Users\kauaa\.m2\repository\org\apache\logging\log4j\log4j-api\2.21.1\log4j-api-2.21.1.jar;C:\Users\kauaa\.m2\repository\org\slf4j\jul-to-slf4j\2.0.9\jul-to-slf4j-2.0.9.jar;C:\Users\kauaa\.m2\repository\org\yaml\snakeyaml\2.2\snakeyaml-2.2.jar;C:\Users\kauaa\.m2\repository\org\springframework\spring-aop\6.1.2\spring-aop-6.1.2.jar;C:\Users\kauaa\.m2\repository\org\springframework\security\spring-security-config\6.2.1\spring-security-config-6.2.1.jar;C:\Users\kauaa\.m2\repository\org\springframework\security\spring-security-web\6.2.1\spring-security-web-6.2.1.jar;C:\Users\kauaa\.m2\repository\org\springframework\spring-expression\6.1.2\spring-expression-6.1.2.jar;C:\Users\kauaa\.m2\repository\org\springframework\boot\spring-boot-starter-web\3.2.1\spring-boot-starter-web-3.2.1.jar;C:\Users\kauaa\.m2\repository\org\springframework\boot\spring-boot-starter-json\3.2.1\spring-boot-starter-json-3.2.1.jar;C:\Users\kauaa\.m2\repository\com\fasterxml\jackson\core\jackson-databind\2.15.3\jackson-databind-2.15.3.jar;C:\Users\kauaa\.m2\repository\com\fasterxml\jackson\core\jackson-annotations\2.15.3\jackson-annotations-2.15.3.jar;C:\Users\kauaa\.m2\repository\com\fasterxml\jackson\core\jackson-core\2.15.3\jackson-core-2.15.3.jar;C:\Users\kauaa\.m2\repository\com\fasterxml\jackson\datatype\jackson-datatype-jdk8\2.15.3\jackson-datatype-jdk8-2.15.3.jar;C:\Users\kauaa\.m2\repository\com\fasterxml\jackson\datatype\jackson-datatype-jsr310\2.15.3\jackson-datatype-jsr310-2.15.3.jar;C:\Users\kauaa\.m2\repository\com\fasterxml\jackson\module\jackson-module-parameter-names\2.15.3\jackson-module-parameter-names-2.15.3.jar;C:\Users\kauaa\.m2\repository\org\springframework\boot\spring-boot-starter-tomcat\3.2.1\spring-boot-starter-tomcat-3.2.1.jar;C:\Users\kauaa\.m2\repository\org\apache\tomcat\embed\tomcat-embed-core\10.1.17\tomcat-embed-core-10.1.17.jar;C:\Users\kauaa\.m2\repository\org\apache\tomcat\embed\tomcat-embed-el\10.1.17\tomcat-embed-el-10.1.17.jar;C:\Users\kauaa\.m2\repository\org\apache\tomcat\embed\tomcat-embed-websocket\10.1.17\tomcat-embed-websocket-10.1.17.jar;C:\Users\kauaa\.m2\repository\org\springframework\spring-web\6.1.2\spring-web-6.1.2.jar;C:\Users\kauaa\.m2\repository\io\micrometer\micrometer-observation\1.12.1\micrometer-observation-1.12.1.jar;C:\Users\kauaa\.m2\repository\io\micrometer\micrometer-commons\1.12.1\micrometer-commons-1.12.1.jar;C:\Users\kauaa\.m2\repository\org\springframework\spring-webmvc\6.1.2\spring-webmvc-6.1.2.jar;C:\Users\kauaa\.m2\repository\org\springframework\boot\spring-boot-devtools\3.2.1\spring-boot-devtools-3.2.1.jar;C:\Users\kauaa\.m2\repository\org\springframework\boot\spring-boot\3.2.1\spring-boot-3.2.1.jar;C:\Users\kauaa\.m2\repository\org\springframework\boot\spring-boot-autoconfigure\3.2.1\spring-boot-autoconfigure-3.2.1.jar;C:\Users\kauaa\.m2\repository\com\mysql\mysql-connector-j\8.1.0\mysql-connector-j-8.1.0.jar;C:\Users\kauaa\.m2\repository\org\springframework\boot\spring-boot-starter-test\3.2.1\spring-boot-starter-test-3.2.1.jar;C:\Users\kauaa\.m2\repository\org\springframework\boot\spring-boot-test\3.2.1\spring-boot-test-3.2.1.jar;C:\Users\kauaa\.m2\repository\org\springframework\boot\spring-boot-test-autoconfigure\3.2.1\spring-boot-test-autoconfigure-3.2.1.jar;C:\Users\kauaa\.m2\repository\com\jayway\jsonpath\json-path\2.8.0\json-path-2.8.0.jar;C:\Users\kauaa\.m2\repository\jakarta\xml\bind\jakarta.xml.bind-api\4.0.1\jakarta.xml.bind-api-4.0.1.jar;C:\Users\kauaa\.m2\repository\jakarta\activation\jakarta.activation-api\2.1.2\jakarta.activation-api-2.1.2.jar;C:\Users\kauaa\.m2\repository\net\minidev\json-smart\2.5.0\json-smart-2.5.0.jar;C:\Users\kauaa\.m2\repository\net\minidev\accessors-smart\2.5.0\accessors-smart-2.5.0.jar;C:\Users\kauaa\.m2\repository\org\ow2\asm\asm\9.3\asm-9.3.jar;C:\Users\kauaa\.m2\repository\org\assertj\assertj-core\3.24.2\assertj-core-3.24.2.jar;C:\Users\kauaa\.m2\repository\org\awaitility\awaitility\4.2.0\awaitility-4.2.0.jar;C:\Users\kauaa\.m2\repository\org\hamcrest\hamcrest\2.2\hamcrest-2.2.jar;C:\Users\kauaa\.m2\repository\org\junit\jupiter\junit-jupiter\5.10.1\junit-jupiter-5.10.1.jar;C:\Users\kauaa\.m2\repository\org\junit\jupiter\junit-jupiter-api\5.10.1\junit-jupiter-api-5.10.1.jar;C:\Users\kauaa\.m2\repository\org\opentest4j\opentest4j\1.3.0\opentest4j-1.3.0.jar;C:\Users\kauaa\.m2\repository\org\junit\platform\junit-platform-commons\1.10.1\junit-platform-commons-1.10.1.jar;C:\Users\kauaa\.m2\repository\org\apiguardian\apiguardian-api\1.1.2\apiguardian-api-1.1.2.jar;C:\Users\kauaa\.m2\repository\org\junit\jupiter\junit-jupiter-params\5.10.1\junit-jupiter-params-5.10.1.jar;C:\Users\kauaa\.m2\repository\org\junit\jupiter\junit-jupiter-engine\5.10.1\junit-jupiter-engine-5.10.1.jar;C:\Users\kauaa\.m2\repository\org\junit\platform\junit-platform-engine\1.10.1\junit-platform-engine-1.10.1.jar;C:\Users\kauaa\.m2\repository\org\mockito\mockito-core\5.7.0\mockito-core-5.7.0.jar;C:\Users\kauaa\.m2\repository\net\bytebuddy\byte-buddy-agent\1.14.10\byte-buddy-agent-1.14.10.jar;C:\Users\kauaa\.m2\repository\org\objenesis\objenesis\3.3\objenesis-3.3.jar;C:\Users\kauaa\.m2\repository\org\mockito\mockito-junit-jupiter\5.7.0\mockito-junit-jupiter-5.7.0.jar;C:\Users\kauaa\.m2\repository\org\skyscreamer\jsonassert\1.5.1\jsonassert-1.5.1.jar;C:\Users\kauaa\.m2\repository\com\vaadin\external\google\android-json\0.0.20131108.vaadin1\android-json-0.0.20131108.vaadin1.jar;C:\Users\kauaa\.m2\repository\org\springframework\spring-core\6.1.2\spring-core-6.1.2.jar;C:\Users\kauaa\.m2\repository\org\springframework\spring-jcl\6.1.2\spring-jcl-6.1.2.jar;C:\Users\kauaa\.m2\repository\org\springframework\spring-test\6.1.2\spring-test-6.1.2.jar;C:\Users\kauaa\.m2\repository\org\xmlunit\xmlunit-core\2.9.1\xmlunit-core-2.9.1.jar;C:\Users\kauaa\.m2\repository\org\springframework\security\spring-security-test\6.2.1\spring-security-test-6.2.1.jar;C:\Users\kauaa\.m2\repository\org\springframework\security\spring-security-core\6.2.1\spring-security-core-6.2.1.jar;C:\Users\kauaa\.m2\repository\org\springframework\security\spring-security-crypto\6.2.1\spring-security-crypto-6.2.1.jar;"/>
    <property name="sun.cpu.endian" value="little"/>
    <property name="user.home" value="C:\Users\kauaa"/>
    <property name="user.language" value="pt"/>
    <property name="java.specification.vendor" value="Oracle Corporation"/>
    <property name="java.version.date" value="2023-10-17"/>
    <property name="java.home" value="C:\Windows\Temp\SpringTool\ConfigSpringTools\sts-4.21.0.RELEASE\plugins\org.eclipse.justj.openjdk.hotspot.jre.full.win32.x86_64_17.0.9.v20231028-0858\jre"/>
    <property name="file.separator" value="\"/>
    <property name="style.color" value="always"/>
    <property name="basedir" value="C:\Users\kauaa\OneDrive\Área de Trabalho\GitHub-Squad\monitorando-backend"/>
    <property name="java.vm.compressedOopsMode" value="32-bit"/>
    <property name="line.separator" value="&#10;"/>
    <property name="java.vm.specification.vendor" value="Oracle Corporation"/>
    <property name="java.specification.name" value="Java Platform API Specification"/>
    <property name="FILE_LOG_CHARSET" value="windows-1252"/>
    <property name="java.awt.headless" value="true"/>
    <property name="surefire.real.class.path" value="C:\Users\kauaa\AppData\Local\Temp\surefire10525878907650726623\surefirebooter-20240126185031968_3.jar"/>
    <property name="user.script" value=""/>
    <property name="sun.management.compiler" value="HotSpot 64-Bit Tiered Compilers"/>
    <property name="java.runtime.version" value="17.0.9+9"/>
    <property name="user.name" value="kauaa"/>
    <property name="path.separator" value=";"/>
    <property name="os.version" value="10.0"/>
    <property name="java.runtime.name" value="OpenJDK Runtime Environment"/>
    <property name="file.encoding" value="Cp1252"/>
    <property name="java.vm.name" value="OpenJDK 64-Bit Server VM"/>
    <property name="java.vendor.version" value="Temurin-17.0.9+9"/>
    <property name="localRepository" value="C:\Users\kauaa\.m2\repository"/>
    <property name="java.vendor.url.bug" value="https://github.com/adoptium/adoptium-support/issues"/>
    <property name="java.io.tmpdir" value="C:\Users\kauaa\AppData\Local\Temp\"/>
    <property name="com.zaxxer.hikari.pool_number" value="1"/>
    <property name="java.version" value="17.0.9"/>
    <property name="user.dir" value="C:\Users\kauaa\OneDrive\Área de Trabalho\GitHub-Squad\monitorando-backend"/>
    <property name="os.arch" value="amd64"/>
    <property name="java.vm.specification.name" value="Java Virtual Machine Specification"/>
    <property name="PID" value="51880"/>
    <property name="sun.os.patch.level" value=""/>
    <property name="CONSOLE_LOG_CHARSET" value="windows-1252"/>
    <property name="native.encoding" value="Cp1252"/>
    <property name="java.library.path" value="C:\Windows\Temp\SpringTool\ConfigSpringTools\sts-4.21.0.RELEASE\plugins\org.eclipse.justj.openjdk.hotspot.jre.full.win32.x86_64_17.0.9.v20231028-0858\jre\bin;C:\WINDOWS\Sun\Java\bin;C:\WINDOWS\system32;C:\WINDOWS;C:/Windows/Temp/SpringTool/ConfigSpringTools/sts-4.21.0.RELEASE//plugins/org.eclipse.justj.openjdk.hotspot.jre.full.win32.x86_64_17.0.9.v20231028-0858/jre/bin/server;C:/Windows/Temp/SpringTool/ConfigSpringTools/sts-4.21.0.RELEASE//plugins/org.eclipse.justj.openjdk.hotspot.jre.full.win32.x86_64_17.0.9.v20231028-0858/jre/bin;C:\Program Files\MongoDB\mongosh-2.1.0-win32-x64\bin;C:\WINDOWS\system32;C:\WINDOWS;C:\WINDOWS\System32\Wbem;C:\WINDOWS\System32\WindowsPowerShell\v1.0\;C:\WINDOWS\System32\OpenSSH\;C:\Program Files\nodejs\;C:\Program Files\Git\cmd;C:\Program Files\dotnet\;C:\Program Files\Microsoft SQL Server\150\Tools\Binn\;C:\Program Files\Microsoft SQL Server\Client SDK\ODBC\170\Tools\Binn\;C:\Program Files\MySQL\MySQL Shell 8.0\bin\;C:\Users\kauaa\AppData\Local\Microsoft\WindowsApps;;C:\Users\kauaa\AppData\Local\Programs\Microsoft VS Code\bin;C:\Users\kauaa\AppData\Roaming\npm;C:\Users\kauaa\.dotnet\tools;C:\Windows\Temp\SpringTool\ConfigSpringTools\sts-4.21.0.RELEASE;;."/>
    <property name="java.vm.info" value="mixed mode"/>
    <property name="java.vendor" value="Eclipse Adoptium"/>
    <property name="java.vm.version" value="17.0.9+9"/>
    <property name="sun.io.unicode.encoding" value="UnicodeLittle"/>
    <property name="java.class.version" value="61.0"/>
  </properties>
  <testcase name="contextLoads" classname="com.MBE.MonitorandoBackendApplicationTests" time="0.704">
    <system-out><![CDATA[18:50:33.808 [main] INFO org.springframework.test.context.support.AnnotationConfigContextLoaderUtils -- Could not detect default configuration classes for test class [com.MBE.MonitorandoBackendApplicationTests]: MonitorandoBackendApplicationTests does not declare any static, non-private, non-final, nested classes annotated with @Configuration.
18:50:33.957 [main] INFO org.springframework.boot.test.context.SpringBootTestContextBootstrapper -- Found @SpringBootConfiguration com.MBE.MonitorandoBackendApplication for test class com.MBE.MonitorandoBackendApplicationTests
18:50:34.237 [main] INFO org.springframework.boot.devtools.restart.RestartApplicationListener -- Restart disabled due to context in which it is running

  .   ____          _            __ _ _
 /\\ / ___'_ __ _ _(_)_ __  __ _ \ \ \ \
( ( )\___ | '_ | '_| | '_ \/ _` | \ \ \ \
 \\/  ___)| |_)| | | | | || (_| |  ) ) ) )
  '  |____| .__|_| |_|_| |_\__, | / / / /
 =========|_|==============|___/=/_/_/_/
 :: Spring Boot ::                (v3.2.1)

2024-01-26T18:50:34.546-03:00  INFO 51880 --- [           main] c.M.MonitorandoBackendApplicationTests   : Starting MonitorandoBackendApplicationTests using Java 17.0.9 with PID 51880 (started by kauaa in C:\Users\kauaa\OneDrive\Área de Trabalho\GitHub-Squad\monitorando-backend)
2024-01-26T18:50:34.547-03:00  INFO 51880 --- [           main] c.M.MonitorandoBackendApplicationTests   : No active profile set, falling back to 1 default profile: "default"
2024-01-26T18:50:37.367-03:00  INFO 51880 --- [           main] .s.d.r.c.RepositoryConfigurationDelegate : Bootstrapping Spring Data JPA repositories in DEFAULT mode.
2024-01-26T18:50:37.452-03:00  INFO 51880 --- [           main] .s.d.r.c.RepositoryConfigurationDelegate : Finished Spring Data repository scanning in 73 ms. Found 4 JPA repository interfaces.
2024-01-26T18:50:38.058-03:00  INFO 51880 --- [           main] o.hibernate.jpa.internal.util.LogHelper  : HHH000204: Processing PersistenceUnitInfo [name: default]
2024-01-26T18:50:38.151-03:00  INFO 51880 --- [           main] org.hibernate.Version                    : HHH000412: Hibernate ORM core version 6.4.1.Final
2024-01-26T18:50:38.207-03:00  INFO 51880 --- [           main] o.h.c.internal.RegionFactoryInitiator    : HHH000026: Second-level cache disabled
2024-01-26T18:50:38.655-03:00  INFO 51880 --- [           main] o.s.o.j.p.SpringPersistenceUnitInfo      : No LoadTimeWeaver setup: ignoring JPA class transformer
2024-01-26T18:50:38.691-03:00  INFO 51880 --- [           main] com.zaxxer.hikari.HikariDataSource       : HikariPool-1 - Starting...
2024-01-26T18:50:39.270-03:00  INFO 51880 --- [           main] com.zaxxer.hikari.pool.HikariPool        : HikariPool-1 - Added connection com.mysql.cj.jdbc.ConnectionImpl@4b9f7edc
2024-01-26T18:50:39.277-03:00  INFO 51880 --- [           main] com.zaxxer.hikari.HikariDataSource       : HikariPool-1 - Start completed.
2024-01-26T18:50:40.763-03:00  INFO 51880 --- [           main] o.h.e.t.j.p.i.JtaPlatformInitiator       : HHH000489: No JTA platform available (set 'hibernate.transaction.jta.platform' to enable JTA platform integration)
2024-01-26T18:50:40.953-03:00  INFO 51880 --- [           main] j.LocalContainerEntityManagerFactoryBean : Initialized JPA EntityManagerFactory for persistence unit 'default'
2024-01-26T18:50:43.014-03:00  INFO 51880 --- [           main] c.M.MonitorandoBackendApplicationTests   : Started MonitorandoBackendApplicationTests in 8.801 seconds (process running for 10.715)
Hibernate: select d1_0.id,d1_0.nome,p1_0.disciplina_id_fk,p1_1.id,p1_1.data_nascimento,p1_1.email,p1_1.nome,p1_1.prof_descricao,p1_1.senha,p1_1.telefone,p1_1.tipo_usuario from disciplinas d1_0 left join professor_disciplina p1_0 on d1_0.id=p1_0.disciplina_id_fk left join professores p1_1 on p1_1.id=p1_0.professor_id_fk where d1_0.id=?
Hibernate: select d1_0.professor_id_fk,d1_1.id,d1_1.nome from professor_disciplina d1_0 join disciplinas d1_1 on d1_1.id=d1_0.disciplina_id_fk where d1_0.professor_id_fk=?
Hibernate: select p1_0.id,p1_0.data_nascimento,d1_0.professor_id_fk,d1_1.id,d1_1.nome,p1_0.email,p1_0.nome,p1_0.prof_descricao,p1_0.senha,p1_0.telefone,p1_0.tipo_usuario from professores p1_0 left join professor_disciplina d1_0 on p1_0.id=d1_0.professor_id_fk left join disciplinas d1_1 on d1_1.id=d1_0.disciplina_id_fk where p1_0.id=?
Hibernate: select p1_0.disciplina_id_fk,p1_1.id,p1_1.data_nascimento,p1_1.email,p1_1.nome,p1_1.prof_descricao,p1_1.senha,p1_1.telefone,p1_1.tipo_usuario from professor_disciplina p1_0 join professores p1_1 on p1_1.id=p1_0.professor_id_fk where p1_0.disciplina_id_fk=?
Hibernate: update professores set data_nascimento=?,email=?,nome=?,prof_descricao=?,senha=?,telefone=?,tipo_usuario=? where id=?
Hibernate: select t1_0.id,a1_0.turma_id_fk,a1_1.id,a1_1.data_nascimento,a1_1.email,a1_1.nome,a1_1.senha,a1_1.telefone,a1_1.tipo_usuario,t1_0.data_da_aula,t1_0.materia_turma,p1_0.id,p1_0.data_nascimento,d1_0.professor_id_fk,d1_1.id,d1_1.nome,p1_0.email,p1_0.nome,p1_0.prof_descricao,p1_0.senha,p1_0.telefone,p1_0.tipo_usuario,t1_0.tipo_turma from turmas t1_0 left join aluno_turma a1_0 on t1_0.id=a1_0.turma_id_fk left join alunos a1_1 on a1_1.id=a1_0.aluno_id_fk left join professores p1_0 on p1_0.id=t1_0.professor_id_fk left join professor_disciplina d1_0 on p1_0.id=d1_0.professor_id_fk left join disciplinas d1_1 on d1_1.id=d1_0.disciplina_id_fk where t1_0.id=?
Hibernate: select p1_0.disciplina_id_fk,p1_1.id,p1_1.data_nascimento,p1_1.email,p1_1.nome,p1_1.prof_descricao,p1_1.senha,p1_1.telefone,p1_1.tipo_usuario from professor_disciplina p1_0 join professores p1_1 on p1_1.id=p1_0.professor_id_fk where p1_0.disciplina_id_fk=?
Hibernate: select t1_0.aluno_id_fk,t1_1.id,t1_1.data_da_aula,t1_1.materia_turma,p1_0.id,p1_0.data_nascimento,d1_0.professor_id_fk,d1_1.id,d1_1.nome,p1_0.email,p1_0.nome,p1_0.prof_descricao,p1_0.senha,p1_0.telefone,p1_0.tipo_usuario,t1_1.tipo_turma from aluno_turma t1_0 join turmas t1_1 on t1_1.id=t1_0.turma_id_fk left join professores p1_0 on p1_0.id=t1_1.professor_id_fk left join professor_disciplina d1_0 on p1_0.id=d1_0.professor_id_fk left join disciplinas d1_1 on d1_1.id=d1_0.disciplina_id_fk where t1_0.aluno_id_fk=?
Hibernate: update turmas set data_da_aula=?,materia_turma=?,professor_id_fk=?,tipo_turma=? where id=?
Hibernate: select a1_0.id,a1_0.data_nascimento,a1_0.email,a1_0.nome,a1_0.senha,a1_0.telefone,a1_0.tipo_usuario,t1_0.aluno_id_fk,t1_1.id,t1_1.data_da_aula,t1_1.materia_turma,p1_0.id,p1_0.data_nascimento,p1_0.email,p1_0.nome,p1_0.prof_descricao,p1_0.senha,p1_0.telefone,p1_0.tipo_usuario,t1_1.tipo_turma from alunos a1_0 left join aluno_turma t1_0 on a1_0.id=t1_0.aluno_id_fk left join turmas t1_1 on t1_1.id=t1_0.turma_id_fk left join professores p1_0 on p1_0.id=t1_1.professor_id_fk where a1_0.id=?
Hibernate: select d1_0.professor_id_fk,d1_1.id,d1_1.nome from professor_disciplina d1_0 join disciplinas d1_1 on d1_1.id=d1_0.disciplina_id_fk where d1_0.professor_id_fk=?
Hibernate: select p1_0.disciplina_id_fk,p1_1.id,p1_1.data_nascimento,p1_1.email,p1_1.nome,p1_1.prof_descricao,p1_1.senha,p1_1.telefone,p1_1.tipo_usuario from professor_disciplina p1_0 join professores p1_1 on p1_1.id=p1_0.professor_id_fk where p1_0.disciplina_id_fk=?
Hibernate: select a1_0.turma_id_fk,a1_1.id,a1_1.data_nascimento,a1_1.email,a1_1.nome,a1_1.senha,a1_1.telefone,a1_1.tipo_usuario from aluno_turma a1_0 join alunos a1_1 on a1_1.id=a1_0.aluno_id_fk where a1_0.turma_id_fk=?
Hibernate: update alunos set data_nascimento=?,email=?,nome=?,senha=?,telefone=?,tipo_usuario=? where id=?
Hibernate: select d1_0.id,d1_0.nome,p1_0.disciplina_id_fk,p1_1.id,p1_1.data_nascimento,p1_1.email,p1_1.nome,p1_1.prof_descricao,p1_1.senha,p1_1.telefone,p1_1.tipo_usuario from disciplinas d1_0 left join professor_disciplina p1_0 on d1_0.id=p1_0.disciplina_id_fk left join professores p1_1 on p1_1.id=p1_0.professor_id_fk where d1_0.id=?
Hibernate: select d1_0.professor_id_fk,d1_1.id,d1_1.nome from professor_disciplina d1_0 join disciplinas d1_1 on d1_1.id=d1_0.disciplina_id_fk where d1_0.professor_id_fk=?
Hibernate: select p1_0.id,p1_0.data_nascimento,d1_0.professor_id_fk,d1_1.id,d1_1.nome,p1_0.email,p1_0.nome,p1_0.prof_descricao,p1_0.senha,p1_0.telefone,p1_0.tipo_usuario from professores p1_0 left join professor_disciplina d1_0 on p1_0.id=d1_0.professor_id_fk left join disciplinas d1_1 on d1_1.id=d1_0.disciplina_id_fk where p1_0.id=?
Hibernate: select p1_0.disciplina_id_fk,p1_1.id,p1_1.data_nascimento,p1_1.email,p1_1.nome,p1_1.prof_descricao,p1_1.senha,p1_1.telefone,p1_1.tipo_usuario from professor_disciplina p1_0 join professores p1_1 on p1_1.id=p1_0.professor_id_fk where p1_0.disciplina_id_fk=?
Hibernate: update professores set data_nascimento=?,email=?,nome=?,prof_descricao=?,senha=?,telefone=?,tipo_usuario=? where id=?
Hibernate: select t1_0.id,a1_0.turma_id_fk,a1_1.id,a1_1.data_nascimento,a1_1.email,a1_1.nome,a1_1.senha,a1_1.telefone,a1_1.tipo_usuario,t1_0.data_da_aula,t1_0.materia_turma,p1_0.id,p1_0.data_nascimento,d1_0.professor_id_fk,d1_1.id,d1_1.nome,p1_0.email,p1_0.nome,p1_0.prof_descricao,p1_0.senha,p1_0.telefone,p1_0.tipo_usuario,t1_0.tipo_turma from turmas t1_0 left join aluno_turma a1_0 on t1_0.id=a1_0.turma_id_fk left join alunos a1_1 on a1_1.id=a1_0.aluno_id_fk left join professores p1_0 on p1_0.id=t1_0.professor_id_fk left join professor_disciplina d1_0 on p1_0.id=d1_0.professor_id_fk left join disciplinas d1_1 on d1_1.id=d1_0.disciplina_id_fk where t1_0.id=?
Hibernate: select p1_0.disciplina_id_fk,p1_1.id,p1_1.data_nascimento,p1_1.email,p1_1.nome,p1_1.prof_descricao,p1_1.senha,p1_1.telefone,p1_1.tipo_usuario from professor_disciplina p1_0 join professores p1_1 on p1_1.id=p1_0.professor_id_fk where p1_0.disciplina_id_fk=?
Hibernate: select t1_0.aluno_id_fk,t1_1.id,t1_1.data_da_aula,t1_1.materia_turma,p1_0.id,p1_0.data_nascimento,d1_0.professor_id_fk,d1_1.id,d1_1.nome,p1_0.email,p1_0.nome,p1_0.prof_descricao,p1_0.senha,p1_0.telefone,p1_0.tipo_usuario,t1_1.tipo_turma from aluno_turma t1_0 join turmas t1_1 on t1_1.id=t1_0.turma_id_fk left join professores p1_0 on p1_0.id=t1_1.professor_id_fk left join professor_disciplina d1_0 on p1_0.id=d1_0.professor_id_fk left join disciplinas d1_1 on d1_1.id=d1_0.disciplina_id_fk where t1_0.aluno_id_fk=?
Hibernate: update turmas set data_da_aula=?,materia_turma=?,professor_id_fk=?,tipo_turma=? where id=?
Hibernate: select a1_0.id,a1_0.data_nascimento,a1_0.email,a1_0.nome,a1_0.senha,a1_0.telefone,a1_0.tipo_usuario,t1_0.aluno_id_fk,t1_1.id,t1_1.data_da_aula,t1_1.materia_turma,p1_0.id,p1_0.data_nascimento,p1_0.email,p1_0.nome,p1_0.prof_descricao,p1_0.senha,p1_0.telefone,p1_0.tipo_usuario,t1_1.tipo_turma from alunos a1_0 left join aluno_turma t1_0 on a1_0.id=t1_0.aluno_id_fk left join turmas t1_1 on t1_1.id=t1_0.turma_id_fk left join professores p1_0 on p1_0.id=t1_1.professor_id_fk where a1_0.id=?
Hibernate: select d1_0.professor_id_fk,d1_1.id,d1_1.nome from professor_disciplina d1_0 join disciplinas d1_1 on d1_1.id=d1_0.disciplina_id_fk where d1_0.professor_id_fk=?
Hibernate: select p1_0.disciplina_id_fk,p1_1.id,p1_1.data_nascimento,p1_1.email,p1_1.nome,p1_1.prof_descricao,p1_1.senha,p1_1.telefone,p1_1.tipo_usuario from professor_disciplina p1_0 join professores p1_1 on p1_1.id=p1_0.professor_id_fk where p1_0.disciplina_id_fk=?
Hibernate: select a1_0.turma_id_fk,a1_1.id,a1_1.data_nascimento,a1_1.email,a1_1.nome,a1_1.senha,a1_1.telefone,a1_1.tipo_usuario from aluno_turma a1_0 join alunos a1_1 on a1_1.id=a1_0.aluno_id_fk where a1_0.turma_id_fk=?
Hibernate: update alunos set data_nascimento=?,email=?,nome=?,senha=?,telefone=?,tipo_usuario=? where id=?
Hibernate: select d1_0.id,d1_0.nome,p1_0.disciplina_id_fk,p1_1.id,p1_1.data_nascimento,p1_1.email,p1_1.nome,p1_1.prof_descricao,p1_1.senha,p1_1.telefone,p1_1.tipo_usuario from disciplinas d1_0 left join professor_disciplina p1_0 on d1_0.id=p1_0.disciplina_id_fk left join professores p1_1 on p1_1.id=p1_0.professor_id_fk where d1_0.id=?
Hibernate: select d1_0.professor_id_fk,d1_1.id,d1_1.nome from professor_disciplina d1_0 join disciplinas d1_1 on d1_1.id=d1_0.disciplina_id_fk where d1_0.professor_id_fk=?
Hibernate: select p1_0.id,p1_0.data_nascimento,d1_0.professor_id_fk,d1_1.id,d1_1.nome,p1_0.email,p1_0.nome,p1_0.prof_descricao,p1_0.senha,p1_0.telefone,p1_0.tipo_usuario from professores p1_0 left join professor_disciplina d1_0 on p1_0.id=d1_0.professor_id_fk left join disciplinas d1_1 on d1_1.id=d1_0.disciplina_id_fk where p1_0.id=?
Hibernate: select p1_0.disciplina_id_fk,p1_1.id,p1_1.data_nascimento,p1_1.email,p1_1.nome,p1_1.prof_descricao,p1_1.senha,p1_1.telefone,p1_1.tipo_usuario from professor_disciplina p1_0 join professores p1_1 on p1_1.id=p1_0.professor_id_fk where p1_0.disciplina_id_fk=?
Hibernate: update professores set data_nascimento=?,email=?,nome=?,prof_descricao=?,senha=?,telefone=?,tipo_usuario=? where id=?
Hibernate: select t1_0.id,a1_0.turma_id_fk,a1_1.id,a1_1.data_nascimento,a1_1.email,a1_1.nome,a1_1.senha,a1_1.telefone,a1_1.tipo_usuario,t1_0.data_da_aula,t1_0.materia_turma,p1_0.id,p1_0.data_nascimento,d1_0.professor_id_fk,d1_1.id,d1_1.nome,p1_0.email,p1_0.nome,p1_0.prof_descricao,p1_0.senha,p1_0.telefone,p1_0.tipo_usuario,t1_0.tipo_turma from turmas t1_0 left join aluno_turma a1_0 on t1_0.id=a1_0.turma_id_fk left join alunos a1_1 on a1_1.id=a1_0.aluno_id_fk left join professores p1_0 on p1_0.id=t1_0.professor_id_fk left join professor_disciplina d1_0 on p1_0.id=d1_0.professor_id_fk left join disciplinas d1_1 on d1_1.id=d1_0.disciplina_id_fk where t1_0.id=?
Hibernate: select p1_0.disciplina_id_fk,p1_1.id,p1_1.data_nascimento,p1_1.email,p1_1.nome,p1_1.prof_descricao,p1_1.senha,p1_1.telefone,p1_1.tipo_usuario from professor_disciplina p1_0 join professores p1_1 on p1_1.id=p1_0.professor_id_fk where p1_0.disciplina_id_fk=?
Hibernate: select t1_0.aluno_id_fk,t1_1.id,t1_1.data_da_aula,t1_1.materia_turma,p1_0.id,p1_0.data_nascimento,d1_0.professor_id_fk,d1_1.id,d1_1.nome,p1_0.email,p1_0.nome,p1_0.prof_descricao,p1_0.senha,p1_0.telefone,p1_0.tipo_usuario,t1_1.tipo_turma from aluno_turma t1_0 join turmas t1_1 on t1_1.id=t1_0.turma_id_fk left join professores p1_0 on p1_0.id=t1_1.professor_id_fk left join professor_disciplina d1_0 on p1_0.id=d1_0.professor_id_fk left join disciplinas d1_1 on d1_1.id=d1_0.disciplina_id_fk where t1_0.aluno_id_fk=?
Hibernate: update turmas set data_da_aula=?,materia_turma=?,professor_id_fk=?,tipo_turma=? where id=?
Hibernate: select a1_0.id,a1_0.data_nascimento,a1_0.email,a1_0.nome,a1_0.senha,a1_0.telefone,a1_0.tipo_usuario,t1_0.aluno_id_fk,t1_1.id,t1_1.data_da_aula,t1_1.materia_turma,p1_0.id,p1_0.data_nascimento,p1_0.email,p1_0.nome,p1_0.prof_descricao,p1_0.senha,p1_0.telefone,p1_0.tipo_usuario,t1_1.tipo_turma from alunos a1_0 left join aluno_turma t1_0 on a1_0.id=t1_0.aluno_id_fk left join turmas t1_1 on t1_1.id=t1_0.turma_id_fk left join professores p1_0 on p1_0.id=t1_1.professor_id_fk where a1_0.id=?
Hibernate: select d1_0.professor_id_fk,d1_1.id,d1_1.nome from professor_disciplina d1_0 join disciplinas d1_1 on d1_1.id=d1_0.disciplina_id_fk where d1_0.professor_id_fk=?
Hibernate: select p1_0.disciplina_id_fk,p1_1.id,p1_1.data_nascimento,p1_1.email,p1_1.nome,p1_1.prof_descricao,p1_1.senha,p1_1.telefone,p1_1.tipo_usuario from professor_disciplina p1_0 join professores p1_1 on p1_1.id=p1_0.professor_id_fk where p1_0.disciplina_id_fk=?
Hibernate: select a1_0.turma_id_fk,a1_1.id,a1_1.data_nascimento,a1_1.email,a1_1.nome,a1_1.senha,a1_1.telefone,a1_1.tipo_usuario from aluno_turma a1_0 join alunos a1_1 on a1_1.id=a1_0.aluno_id_fk where a1_0.turma_id_fk=?
Hibernate: update alunos set data_nascimento=?,email=?,nome=?,senha=?,telefone=?,tipo_usuario=? where id=?
Hibernate: select d1_0.id,d1_0.nome,p1_0.disciplina_id_fk,p1_1.id,p1_1.data_nascimento,p1_1.email,p1_1.nome,p1_1.prof_descricao,p1_1.senha,p1_1.telefone,p1_1.tipo_usuario from disciplinas d1_0 left join professor_disciplina p1_0 on d1_0.id=p1_0.disciplina_id_fk left join professores p1_1 on p1_1.id=p1_0.professor_id_fk where d1_0.id=?
Hibernate: select d1_0.professor_id_fk,d1_1.id,d1_1.nome from professor_disciplina d1_0 join disciplinas d1_1 on d1_1.id=d1_0.disciplina_id_fk where d1_0.professor_id_fk=?
Hibernate: select p1_0.id,p1_0.data_nascimento,d1_0.professor_id_fk,d1_1.id,d1_1.nome,p1_0.email,p1_0.nome,p1_0.prof_descricao,p1_0.senha,p1_0.telefone,p1_0.tipo_usuario from professores p1_0 left join professor_disciplina d1_0 on p1_0.id=d1_0.professor_id_fk left join disciplinas d1_1 on d1_1.id=d1_0.disciplina_id_fk where p1_0.id=?
Hibernate: select p1_0.disciplina_id_fk,p1_1.id,p1_1.data_nascimento,p1_1.email,p1_1.nome,p1_1.prof_descricao,p1_1.senha,p1_1.telefone,p1_1.tipo_usuario from professor_disciplina p1_0 join professores p1_1 on p1_1.id=p1_0.professor_id_fk where p1_0.disciplina_id_fk=?
Hibernate: update professores set data_nascimento=?,email=?,nome=?,prof_descricao=?,senha=?,telefone=?,tipo_usuario=? where id=?
Hibernate: select t1_0.id,a1_0.turma_id_fk,a1_1.id,a1_1.data_nascimento,a1_1.email,a1_1.nome,a1_1.senha,a1_1.telefone,a1_1.tipo_usuario,t1_0.data_da_aula,t1_0.materia_turma,p1_0.id,p1_0.data_nascimento,d1_0.professor_id_fk,d1_1.id,d1_1.nome,p1_0.email,p1_0.nome,p1_0.prof_descricao,p1_0.senha,p1_0.telefone,p1_0.tipo_usuario,t1_0.tipo_turma from turmas t1_0 left join aluno_turma a1_0 on t1_0.id=a1_0.turma_id_fk left join alunos a1_1 on a1_1.id=a1_0.aluno_id_fk left join professores p1_0 on p1_0.id=t1_0.professor_id_fk left join professor_disciplina d1_0 on p1_0.id=d1_0.professor_id_fk left join disciplinas d1_1 on d1_1.id=d1_0.disciplina_id_fk where t1_0.id=?
Hibernate: select p1_0.disciplina_id_fk,p1_1.id,p1_1.data_nascimento,p1_1.email,p1_1.nome,p1_1.prof_descricao,p1_1.senha,p1_1.telefone,p1_1.tipo_usuario from professor_disciplina p1_0 join professores p1_1 on p1_1.id=p1_0.professor_id_fk where p1_0.disciplina_id_fk=?
Hibernate: select t1_0.aluno_id_fk,t1_1.id,t1_1.data_da_aula,t1_1.materia_turma,p1_0.id,p1_0.data_nascimento,d1_0.professor_id_fk,d1_1.id,d1_1.nome,p1_0.email,p1_0.nome,p1_0.prof_descricao,p1_0.senha,p1_0.telefone,p1_0.tipo_usuario,t1_1.tipo_turma from aluno_turma t1_0 join turmas t1_1 on t1_1.id=t1_0.turma_id_fk left join professores p1_0 on p1_0.id=t1_1.professor_id_fk left join professor_disciplina d1_0 on p1_0.id=d1_0.professor_id_fk left join disciplinas d1_1 on d1_1.id=d1_0.disciplina_id_fk where t1_0.aluno_id_fk=?
Hibernate: update turmas set data_da_aula=?,materia_turma=?,professor_id_fk=?,tipo_turma=? where id=?
Hibernate: select a1_0.id,a1_0.data_nascimento,a1_0.email,a1_0.nome,a1_0.senha,a1_0.telefone,a1_0.tipo_usuario,t1_0.aluno_id_fk,t1_1.id,t1_1.data_da_aula,t1_1.materia_turma,p1_0.id,p1_0.data_nascimento,p1_0.email,p1_0.nome,p1_0.prof_descricao,p1_0.senha,p1_0.telefone,p1_0.tipo_usuario,t1_1.tipo_turma from alunos a1_0 left join aluno_turma t1_0 on a1_0.id=t1_0.aluno_id_fk left join turmas t1_1 on t1_1.id=t1_0.turma_id_fk left join professores p1_0 on p1_0.id=t1_1.professor_id_fk where a1_0.id=?
Hibernate: select d1_0.professor_id_fk,d1_1.id,d1_1.nome from professor_disciplina d1_0 join disciplinas d1_1 on d1_1.id=d1_0.disciplina_id_fk where d1_0.professor_id_fk=?
Hibernate: select p1_0.disciplina_id_fk,p1_1.id,p1_1.data_nascimento,p1_1.email,p1_1.nome,p1_1.prof_descricao,p1_1.senha,p1_1.telefone,p1_1.tipo_usuario from professor_disciplina p1_0 join professores p1_1 on p1_1.id=p1_0.professor_id_fk where p1_0.disciplina_id_fk=?
Hibernate: select a1_0.turma_id_fk,a1_1.id,a1_1.data_nascimento,a1_1.email,a1_1.nome,a1_1.senha,a1_1.telefone,a1_1.tipo_usuario from aluno_turma a1_0 join alunos a1_1 on a1_1.id=a1_0.aluno_id_fk where a1_0.turma_id_fk=?
Hibernate: update alunos set data_nascimento=?,email=?,nome=?,senha=?,telefone=?,tipo_usuario=? where id=?
]]></system-out>
  </testcase>
</testsuite>